1738637256.653042 client started (56664): version 3.5a, socket /private/tmp/tmux-501/default, protocol 8
1738637256.653095 on Darwin 24.3.0 Darwin Kernel Version 24.3.0: Thu Jan  2 20:22:00 PST 2025; root:xnu-11215.81.4~3/RELEASE_X86_64
1738637256.653115 using libevent 2.1.12-stable select
1738637256.654220 using utf8proc 2.10.0
1738637256.654249 using ncurses 6.5 20240427
1738637256.654294 flags are 0x10010000
1738637256.654308 socket is /private/tmp/tmux-501/default
1738637256.654324 trying connect
1738637256.654400 add peer 0x7fa965030000: 6 (0x0)
1738637256.657013 sending message 111 to peer 0x7fa965030000 (8 bytes)
1738637256.657041 sending message 111 to peer 0x7fa965030000 (8 bytes)
1738637256.657051 sending message 101 to peer 0x7fa965030000 (14 bytes)
1738637256.657059 sending message 109 to peer 0x7fa965030000 (4 bytes)
1738637256.657066 sending message 102 to peer 0x7fa965030000 (13 bytes)
1738637256.657073 sending message 108 to peer 0x7fa965030000 (47 bytes)
1738637256.657081 sending message 112 to peer 0x7fa965030000 (70 bytes)
1738637256.657088 sending message 112 to peer 0x7fa965030000 (5 bytes)
1738637256.657095 sending message 112 to peer 0x7fa965030000 (5 bytes)
1738637256.657102 sending message 112 to peer 0x7fa965030000 (6 bytes)
1738637256.657109 sending message 112 to peer 0x7fa965030000 (6 bytes)
1738637256.657116 sending message 112 to peer 0x7fa965030000 (11 bytes)
1738637256.657123 sending message 112 to peer 0x7fa965030000 (10 bytes)
1738637256.657130 sending message 112 to peer 0x7fa965030000 (13 bytes)
1738637256.657137 sending message 112 to peer 0x7fa965030000 (13 bytes)
1738637256.657144 sending message 112 to peer 0x7fa965030000 (18 bytes)
1738637256.657150 sending message 112 to peer 0x7fa965030000 (11 bytes)
1738637256.657157 sending message 112 to peer 0x7fa965030000 (10 bytes)
1738637256.657164 sending message 112 to peer 0x7fa965030000 (15 bytes)
1738637256.657171 sending message 112 to peer 0x7fa965030000 (21 bytes)
1738637256.657192 sending message 112 to peer 0x7fa965030000 (13 bytes)
1738637256.657199 sending message 112 to peer 0x7fa965030000 (7 bytes)
1738637256.657205 sending message 112 to peer 0x7fa965030000 (13 bytes)
1738637256.657212 sending message 112 to peer 0x7fa965030000 (7 bytes)
1738637256.657219 sending message 112 to peer 0x7fa965030000 (13 bytes)
1738637256.657225 sending message 112 to peer 0x7fa965030000 (9 bytes)
1738637256.657232 sending message 112 to peer 0x7fa965030000 (21 bytes)
1738637256.657239 sending message 112 to peer 0x7fa965030000 (13 bytes)
1738637256.657246 sending message 112 to peer 0x7fa965030000 (8 bytes)
1738637256.657252 sending message 112 to peer 0x7fa965030000 (12 bytes)
1738637256.657259 sending message 112 to peer 0x7fa965030000 (13 bytes)
1738637256.657266 sending message 112 to peer 0x7fa965030000 (9 bytes)
1738637256.657272 sending message 112 to peer 0x7fa965030000 (9 bytes)
1738637256.657279 sending message 112 to peer 0x7fa965030000 (12 bytes)
1738637256.657286 sending message 112 to peer 0x7fa965030000 (8 bytes)
1738637256.657292 sending message 112 to peer 0x7fa965030000 (8 bytes)
1738637256.657299 sending message 112 to peer 0x7fa965030000 (7 bytes)
1738637256.657306 sending message 112 to peer 0x7fa965030000 (7 bytes)
1738637256.657313 sending message 112 to peer 0x7fa965030000 (9 bytes)
1738637256.657319 sending message 112 to peer 0x7fa965030000 (13 bytes)
1738637256.657326 sending message 112 to peer 0x7fa965030000 (6 bytes)
1738637256.657333 sending message 112 to peer 0x7fa965030000 (9 bytes)
1738637256.657339 sending message 112 to peer 0x7fa965030000 (15 bytes)
1738637256.657346 sending message 112 to peer 0x7fa965030000 (13 bytes)
1738637256.657353 sending message 112 to peer 0x7fa965030000 (12 bytes)
1738637256.657359 sending message 112 to peer 0x7fa965030000 (8 bytes)
1738637256.657366 sending message 112 to peer 0x7fa965030000 (14 bytes)
1738637256.657373 sending message 112 to peer 0x7fa965030000 (11 bytes)
1738637256.657380 sending message 112 to peer 0x7fa965030000 (9 bytes)
1738637256.657386 sending message 112 to peer 0x7fa965030000 (10 bytes)
1738637256.657406 sending message 112 to peer 0x7fa965030000 (10 bytes)
1738637256.657411 sending message 112 to peer 0x7fa965030000 (10 bytes)
1738637256.657416 sending message 112 to peer 0x7fa965030000 (10 bytes)
1738637256.657420 sending message 112 to peer 0x7fa965030000 (11 bytes)
1738637256.657425 sending message 112 to peer 0x7fa965030000 (12 bytes)
1738637256.657430 sending message 112 to peer 0x7fa965030000 (12 bytes)
1738637256.657435 sending message 112 to peer 0x7fa965030000 (12 bytes)
1738637256.657439 sending message 112 to peer 0x7fa965030000 (12 bytes)
1738637256.657444 sending message 112 to peer 0x7fa965030000 (12 bytes)
1738637256.657448 sending message 112 to peer 0x7fa965030000 (11 bytes)
1738637256.657453 sending message 112 to peer 0x7fa965030000 (11 bytes)
1738637256.657458 sending message 112 to peer 0x7fa965030000 (12 bytes)
1738637256.657462 sending message 112 to peer 0x7fa965030000 (12 bytes)
1738637256.657470 sending message 112 to peer 0x7fa965030000 (12 bytes)
1738637256.657475 sending message 112 to peer 0x7fa965030000 (12 bytes)
1738637256.657480 sending message 112 to peer 0x7fa965030000 (12 bytes)
1738637256.657484 sending message 112 to peer 0x7fa965030000 (10 bytes)
1738637256.657489 sending message 112 to peer 0x7fa965030000 (12 bytes)
1738637256.657494 sending message 112 to peer 0x7fa965030000 (13 bytes)
1738637256.657499 sending message 112 to peer 0x7fa965030000 (13 bytes)
1738637256.657503 sending message 112 to peer 0x7fa965030000 (13 bytes)
1738637256.657508 sending message 112 to peer 0x7fa965030000 (13 bytes)
1738637256.657513 sending message 112 to peer 0x7fa965030000 (13 bytes)
1738637256.657517 sending message 112 to peer 0x7fa965030000 (8 bytes)
1738637256.657522 sending message 112 to peer 0x7fa965030000 (11 bytes)
1738637256.657527 sending message 112 to peer 0x7fa965030000 (11 bytes)
1738637256.657531 sending message 112 to peer 0x7fa965030000 (11 bytes)
1738637256.657536 sending message 112 to peer 0x7fa965030000 (12 bytes)
1738637256.657541 sending message 112 to peer 0x7fa965030000 (12 bytes)
1738637256.657545 sending message 112 to peer 0x7fa965030000 (12 bytes)
1738637256.657550 sending message 112 to peer 0x7fa965030000 (12 bytes)
1738637256.657555 sending message 112 to peer 0x7fa965030000 (13 bytes)
1738637256.657559 sending message 112 to peer 0x7fa965030000 (13 bytes)
1738637256.657564 sending message 112 to peer 0x7fa965030000 (13 bytes)
1738637256.657569 sending message 112 to peer 0x7fa965030000 (8 bytes)
1738637256.657573 sending message 112 to peer 0x7fa965030000 (13 bytes)
1738637256.657578 sending message 112 to peer 0x7fa965030000 (13 bytes)
1738637256.657583 sending message 112 to peer 0x7fa965030000 (13 bytes)
1738637256.657587 sending message 112 to peer 0x7fa965030000 (13 bytes)
1738637256.657592 sending message 112 to peer 0x7fa965030000 (13 bytes)
1738637256.657596 sending message 112 to peer 0x7fa965030000 (12 bytes)
1738637256.657601 sending message 112 to peer 0x7fa965030000 (12 bytes)
1738637256.657606 sending message 112 to peer 0x7fa965030000 (12 bytes)
1738637256.657610 sending message 112 to peer 0x7fa965030000 (12 bytes)
1738637256.657615 sending message 112 to peer 0x7fa965030000 (13 bytes)
1738637256.657620 sending message 112 to peer 0x7fa965030000 (8 bytes)
1738637256.657624 sending message 112 to peer 0x7fa965030000 (13 bytes)
1738637256.657629 sending message 112 to peer 0x7fa965030000 (13 bytes)
1738637256.657633 sending message 112 to peer 0x7fa965030000 (13 bytes)
1738637256.657638 sending message 112 to peer 0x7fa965030000 (13 bytes)
1738637256.657643 sending message 112 to peer 0x7fa965030000 (13 bytes)
1738637256.657647 sending message 112 to peer 0x7fa965030000 (13 bytes)
1738637256.657652 sending message 112 to peer 0x7fa965030000 (13 bytes)
1738637256.657657 sending message 112 to peer 0x7fa965030000 (12 bytes)
1738637256.657661 sending message 112 to peer 0x7fa965030000 (12 bytes)
1738637256.657666 sending message 112 to peer 0x7fa965030000 (12 bytes)
1738637256.657671 sending message 112 to peer 0x7fa965030000 (8 bytes)
1738637256.657691 sending message 112 to peer 0x7fa965030000 (12 bytes)
1738637256.657696 sending message 112 to peer 0x7fa965030000 (13 bytes)
1738637256.657700 sending message 112 to peer 0x7fa965030000 (13 bytes)
1738637256.657705 sending message 112 to peer 0x7fa965030000 (13 bytes)
1738637256.657710 sending message 112 to peer 0x7fa965030000 (13 bytes)
1738637256.657714 sending message 112 to peer 0x7fa965030000 (13 bytes)
1738637256.657719 sending message 112 to peer 0x7fa965030000 (13 bytes)
1738637256.657724 sending message 112 to peer 0x7fa965030000 (13 bytes)
1738637256.657728 sending message 112 to peer 0x7fa965030000 (13 bytes)
1738637256.657733 sending message 112 to peer 0x7fa965030000 (12 bytes)
1738637256.657737 sending message 112 to peer 0x7fa965030000 (10 bytes)
1738637256.657742 sending message 112 to peer 0x7fa965030000 (12 bytes)
1738637256.657747 sending message 112 to peer 0x7fa965030000 (12 bytes)
1738637256.657751 sending message 112 to peer 0x7fa965030000 (12 bytes)
1738637256.657756 sending message 112 to peer 0x7fa965030000 (13 bytes)
1738637256.657761 sending message 112 to peer 0x7fa965030000 (13 bytes)
1738637256.657765 sending message 112 to peer 0x7fa965030000 (13 bytes)
1738637256.657770 sending message 112 to peer 0x7fa965030000 (13 bytes)
1738637256.657775 sending message 112 to peer 0x7fa965030000 (13 bytes)
1738637256.657779 sending message 112 to peer 0x7fa965030000 (13 bytes)
1738637256.657786 sending message 112 to peer 0x7fa965030000 (13 bytes)
1738637256.657791 sending message 112 to peer 0x7fa965030000 (10 bytes)
1738637256.657796 sending message 112 to peer 0x7fa965030000 (13 bytes)
1738637256.657800 sending message 112 to peer 0x7fa965030000 (12 bytes)
1738637256.657805 sending message 112 to peer 0x7fa965030000 (12 bytes)
1738637256.657813 sending message 112 to peer 0x7fa965030000 (12 bytes)
1738637256.657818 sending message 112 to peer 0x7fa965030000 (10 bytes)
1738637256.657823 sending message 112 to peer 0x7fa965030000 (10 bytes)
1738637256.657827 sending message 112 to peer 0x7fa965030000 (10 bytes)
1738637256.657832 sending message 112 to peer 0x7fa965030000 (12 bytes)
1738637256.657837 sending message 112 to peer 0x7fa965030000 (13 bytes)
1738637256.657842 sending message 112 to peer 0x7fa965030000 (13 bytes)
1738637256.657846 sending message 112 to peer 0x7fa965030000 (13 bytes)
1738637256.657851 sending message 112 to peer 0x7fa965030000 (13 bytes)
1738637256.657855 sending message 112 to peer 0x7fa965030000 (13 bytes)
1738637256.657860 sending message 112 to peer 0x7fa965030000 (11 bytes)
1738637256.657865 sending message 112 to peer 0x7fa965030000 (11 bytes)
1738637256.657869 sending message 112 to peer 0x7fa965030000 (12 bytes)
1738637256.657874 sending message 112 to peer 0x7fa965030000 (12 bytes)
1738637256.657879 sending message 112 to peer 0x7fa965030000 (12 bytes)
1738637256.657883 sending message 112 to peer 0x7fa965030000 (12 bytes)
1738637256.657888 sending message 112 to peer 0x7fa965030000 (12 bytes)
1738637256.657893 sending message 112 to peer 0x7fa965030000 (11 bytes)
1738637256.657897 sending message 112 to peer 0x7fa965030000 (12 bytes)
1738637256.657902 sending message 112 to peer 0x7fa965030000 (12 bytes)
1738637256.657907 sending message 112 to peer 0x7fa965030000 (13 bytes)
1738637256.657911 sending message 112 to peer 0x7fa965030000 (13 bytes)
1738637256.657916 sending message 112 to peer 0x7fa965030000 (13 bytes)
1738637256.657921 sending message 112 to peer 0x7fa965030000 (13 bytes)
1738637256.657925 sending message 112 to peer 0x7fa965030000 (13 bytes)
1738637256.657930 sending message 112 to peer 0x7fa965030000 (10 bytes)
1738637256.657934 sending message 112 to peer 0x7fa965030000 (9 bytes)
1738637256.657939 sending message 112 to peer 0x7fa965030000 (12 bytes)
1738637256.657943 sending message 112 to peer 0x7fa965030000 (13 bytes)
1738637256.657948 sending message 112 to peer 0x7fa965030000 (13 bytes)
1738637256.657953 sending message 112 to peer 0x7fa965030000 (13 bytes)
1738637256.657957 sending message 112 to peer 0x7fa965030000 (13 bytes)
1738637256.657970 sending message 112 to peer 0x7fa965030000 (13 bytes)
1738637256.657975 sending message 112 to peer 0x7fa965030000 (9 bytes)
1738637256.657980 sending message 112 to peer 0x7fa965030000 (12 bytes)
1738637256.657984 sending message 112 to peer 0x7fa965030000 (13 bytes)
1738637256.657989 sending message 112 to peer 0x7fa965030000 (13 bytes)
1738637256.657994 sending message 112 to peer 0x7fa965030000 (13 bytes)
1738637256.657999 sending message 112 to peer 0x7fa965030000 (13 bytes)
1738637256.658003 sending message 112 to peer 0x7fa965030000 (13 bytes)
1738637256.658008 sending message 112 to peer 0x7fa965030000 (11 bytes)
1738637256.658012 sending message 112 to peer 0x7fa965030000 (12 bytes)
1738637256.658017 sending message 112 to peer 0x7fa965030000 (13 bytes)
1738637256.658022 sending message 112 to peer 0x7fa965030000 (13 bytes)
1738637256.658026 sending message 112 to peer 0x7fa965030000 (13 bytes)
1738637256.658031 sending message 112 to peer 0x7fa965030000 (13 bytes)
1738637256.658036 sending message 112 to peer 0x7fa965030000 (13 bytes)
1738637256.658040 sending message 112 to peer 0x7fa965030000 (11 bytes)
1738637256.658045 sending message 112 to peer 0x7fa965030000 (12 bytes)
1738637256.658050 sending message 112 to peer 0x7fa965030000 (12 bytes)
1738637256.658054 sending message 112 to peer 0x7fa965030000 (12 bytes)
1738637256.658059 sending message 112 to peer 0x7fa965030000 (12 bytes)
1738637256.658064 sending message 112 to peer 0x7fa965030000 (12 bytes)
1738637256.658068 sending message 112 to peer 0x7fa965030000 (21 bytes)
1738637256.658073 sending message 112 to peer 0x7fa965030000 (12 bytes)
1738637256.658078 sending message 112 to peer 0x7fa965030000 (9 bytes)
1738637256.658082 sending message 112 to peer 0x7fa965030000 (6 bytes)
1738637256.658087 sending message 112 to peer 0x7fa965030000 (13 bytes)
1738637256.658091 sending message 112 to peer 0x7fa965030000 (8 bytes)
1738637256.658098 sending message 112 to peer 0x7fa965030000 (15 bytes)
1738637256.658103 sending message 112 to peer 0x7fa965030000 (13 bytes)
1738637256.658108 sending message 112 to peer 0x7fa965030000 (9 bytes)
1738637256.658113 sending message 112 to peer 0x7fa965030000 (70 bytes)
1738637256.658117 sending message 112 to peer 0x7fa965030000 (69 bytes)
1738637256.658122 sending message 112 to peer 0x7fa965030000 (10 bytes)
1738637256.658127 sending message 112 to peer 0x7fa965030000 (10 bytes)
1738637256.658131 sending message 112 to peer 0x7fa965030000 (8 bytes)
1738637256.658136 sending message 112 to peer 0x7fa965030000 (15 bytes)
1738637256.658141 sending message 112 to peer 0x7fa965030000 (13 bytes)
1738637256.658145 sending message 112 to peer 0x7fa965030000 (10 bytes)
1738637256.658150 sending message 112 to peer 0x7fa965030000 (10 bytes)
1738637256.658155 sending message 112 to peer 0x7fa965030000 (17 bytes)
1738637256.658160 sending message 112 to peer 0x7fa965030000 (10 bytes)
1738637256.658164 sending message 112 to peer 0x7fa965030000 (13 bytes)
1738637256.658169 sending message 112 to peer 0x7fa965030000 (9 bytes)
1738637256.658173 sending message 112 to peer 0x7fa965030000 (5 bytes)
1738637256.658178 sending message 112 to peer 0x7fa965030000 (15 bytes)
1738637256.658184 sending message 104 to peer 0x7fa965030000 (0 bytes)
1738637256.658190 sending message 110 to peer 0x7fa965030000 (0 bytes)
1738637256.658195 sending message 107 to peer 0x7fa965030000 (4 bytes)
1738637256.658199 sending message 105 to peer 0x7fa965030000 (20 bytes)
1738637256.658204 sending message 105 to peer 0x7fa965030000 (22 bytes)
1738637256.658209 sending message 105 to peer 0x7fa965030000 (56 bytes)
1738637256.658213 sending message 105 to peer 0x7fa965030000 (12 bytes)
1738637256.658218 sending message 105 to peer 0x7fa965030000 (68 bytes)
1738637256.658223 sending message 105 to peer 0x7fa965030000 (27 bytes)
1738637256.658227 sending message 105 to peer 0x7fa965030000 (64 bytes)
1738637256.658232 sending message 105 to peer 0x7fa965030000 (17 bytes)
1738637256.658237 sending message 105 to peer 0x7fa965030000 (8 bytes)
1738637256.658249 sending message 105 to peer 0x7fa965030000 (23 bytes)
1738637256.658254 sending message 105 to peer 0x7fa965030000 (32 bytes)
1738637256.658259 sending message 105 to peer 0x7fa965030000 (66 bytes)
1738637256.658263 sending message 105 to peer 0x7fa965030000 (62 bytes)
1738637256.658268 sending message 105 to peer 0x7fa965030000 (16 bytes)
1738637256.658273 sending message 105 to peer 0x7fa965030000 (35 bytes)
1738637256.658277 sending message 105 to peer 0x7fa965030000 (71 bytes)
1738637256.658282 sending message 105 to peer 0x7fa965030000 (54 bytes)
1738637256.658286 sending message 105 to peer 0x7fa965030000 (12 bytes)
1738637256.658291 sending message 105 to peer 0x7fa965030000 (11 bytes)
1738637256.658296 sending message 105 to peer 0x7fa965030000 (781 bytes)
1738637256.658301 sending message 105 to peer 0x7fa965030000 (51 bytes)
1738637256.658305 sending message 105 to peer 0x7fa965030000 (40 bytes)
1738637256.658310 sending message 105 to peer 0x7fa965030000 (16 bytes)
1738637256.658315 sending message 105 to peer 0x7fa965030000 (46 bytes)
1738637256.658319 sending message 105 to peer 0x7fa965030000 (63 bytes)
1738637256.658324 sending message 105 to peer 0x7fa965030000 (41 bytes)
1738637256.658328 sending message 105 to peer 0x7fa965030000 (26 bytes)
1738637256.658333 sending message 105 to peer 0x7fa965030000 (15 bytes)
1738637256.658338 sending message 105 to peer 0x7fa965030000 (8 bytes)
1738637256.658342 sending message 105 to peer 0x7fa965030000 (66 bytes)
1738637256.658347 sending message 105 to peer 0x7fa965030000 (19 bytes)
1738637256.658351 sending message 105 to peer 0x7fa965030000 (18 bytes)
1738637256.658356 sending message 105 to peer 0x7fa965030000 (26 bytes)
1738637256.658360 sending message 105 to peer 0x7fa965030000 (57 bytes)
1738637256.658365 sending message 105 to peer 0x7fa965030000 (43 bytes)
1738637256.658370 sending message 105 to peer 0x7fa965030000 (13 bytes)
1738637256.658374 sending message 105 to peer 0x7fa965030000 (62 bytes)
1738637256.658379 sending message 105 to peer 0x7fa965030000 (20 bytes)
1738637256.658386 sending message 105 to peer 0x7fa965030000 (41 bytes)
1738637256.658391 sending message 105 to peer 0x7fa965030000 (55 bytes)
1738637256.658396 sending message 105 to peer 0x7fa965030000 (72 bytes)
1738637256.658401 sending message 105 to peer 0x7fa965030000 (64 bytes)
1738637256.658406 sending message 105 to peer 0x7fa965030000 (15 bytes)
1738637256.658410 sending message 105 to peer 0x7fa965030000 (78 bytes)
1738637256.658415 sending message 105 to peer 0x7fa965030000 (14 bytes)
1738637256.658419 sending message 105 to peer 0x7fa965030000 (19 bytes)
1738637256.658424 sending message 105 to peer 0x7fa965030000 (37 bytes)
1738637256.658429 sending message 105 to peer 0x7fa965030000 (26 bytes)
1738637256.658433 sending message 105 to peer 0x7fa965030000 (22 bytes)
1738637256.658438 sending message 105 to peer 0x7fa965030000 (44 bytes)
1738637256.658442 sending message 105 to peer 0x7fa965030000 (38 bytes)
1738637256.658447 sending message 105 to peer 0x7fa965030000 (17 bytes)
1738637256.658451 sending message 105 to peer 0x7fa965030000 (10 bytes)
1738637256.658456 sending message 105 to peer 0x7fa965030000 (22 bytes)
1738637256.658461 sending message 106 to peer 0x7fa965030000 (0 bytes)
1738637256.658539 sending message 200 to peer 0x7fa965030000 (4 bytes)
1738637256.658548 client loop enter
1738637256.662477 peer 0x7fa965030000 message 303
1738637256.662511 open write file 2 -
1738637256.662568 sending message 305 to peer 0x7fa965030000 (8 bytes)
1738637256.662609 write check file 2
1738637256.662709 peer 0x7fa965030000 message 304
1738637256.662739 write 58 to file 2
1738637256.662758 peer 0x7fa965030000 message 203
1738637256.662765 file 2 58 bytes left
1738637256.662782 write check file 2
1738637256.662807 client loop exit
